<?xml version="1.0" encoding="UTF-8"?>
<!-- Generated by org.testng.reporters.JUnitXMLReporter -->
<testsuite ignored="0" hostname="GRD-LTP-119" failures="0" tests="1" name="Default test" time="88.898" errors="0" timestamp="2024-07-31T17:20:31 IST">
  <testcase classname="com.absli.gps.masterpolicy.maker.page.testcases.TC_MPM_104_MasterPolicyWith5BenefitsAndRidersWithVariantTypeAsGcRRGcR" name="createAMasterPolicyWith5BenefitsAndRidersWithVariantTypeAsGcRRGcR" time="71.213"/>
</testsuite> <!-- Default test -->
