<?xml version="1.0" encoding="UTF-8"?>
<!-- Generated by org.testng.reporters.JUnitXMLReporter -->
<testsuite ignored="0" hostname="GRD-LTP-119" failures="0" tests="1" name="Default test" time="75.07" errors="0" timestamp="2024-08-01T17:27:13 IST">
  <testcase classname="com.absli.gps.masterpolicy.maker.page.testcases.TC_MPM_125_MasterPolicyWith5BenefitsAndRidersWithVariantTypeAsGcsmRRRR" name="createAMasterPolicyWith5BenefitsAndRidersWithVariantTypeAsGcsmRRRR" time="64.094"/>
</testsuite> <!-- Default test -->
