<?xml version="1.0" encoding="UTF-8"?>
<testng-results ignored="0" total="1" passed="1" failed="0" skipped="0">
  <reporter-output>
  </reporter-output>
  <suite started-at="2024-06-24T15:41:51 IST" name="Default suite" finished-at="2024-06-24T15:42:44 IST" duration-ms="53112">
    <groups>
    </groups>
    <test started-at="2024-06-24T15:41:51 IST" name="Default test" finished-at="2024-06-24T15:42:44 IST" duration-ms="53112">
      <class name="com.absli.gby.master.policy.maker.page.testcases.MasterPolicyMakerWithBenefitAndCustomerDefinedSA">
        <test-method is-config="true" signature="setUp()[pri:0, instance:com.absli.gby.master.policy.maker.page.testcases.MasterPolicyMakerWithBenefitAndCustomerDefinedSA@1040be71]" started-at="2024-06-24T15:41:53 IST" name="setUp" finished-at="2024-06-24T15:41:59 IST" duration-ms="6411" status="PASS">
          <reporter-output>
          </reporter-output>
        </test-method> <!-- setUp -->
        <test-method signature="createMasterPolicyMakerWithGPSBaseBenefitAndVariantType(java.lang.String,java.lang.String,java.lang.String,java.lang.String,java.lang.String,java.lang.String,java.lang.String,java.lang.String,java.lang.String,java.lang.String,java.lang.String,java.lang.String,java.lang.String,java.lang.String,java.lang.String,java.lang.String,java.lang.String,java.lang.String,java.lang.String,java.lang.String,java.lang.String,java.lang.String,java.lang.String,java.lang.String,java.lang.String,java.lang.String,java.lang.String,java.lang.String,java.lang.String,java.lang.String)[pri:0, instance:com.absli.gby.master.policy.maker.page.testcases.MasterPolicyMakerWithBenefitAndCustomerDefinedSA@1040be71]" started-at="2024-06-24T15:41:59 IST" name="createMasterPolicyMakerWithGPSBaseBenefitAndVariantType" data-provider="TestDataFrom" finished-at="2024-06-24T15:42:41 IST" duration-ms="42140" status="PASS">
          <params>
            <param index="0">
              <value>
                <![CDATA[Absli-Auto-001]]>
              </value>
            </param>
            <param index="1">
              <value>
                <![CDATA[232303]]>
              </value>
            </param>
            <param index="2">
              <value>
                <![CDATA[NA]]>
              </value>
            </param>
            <param index="3">
              <value>
                <![CDATA[Mr]]>
              </value>
            </param>
            <param index="4">
              <value>
                <![CDATA[Absli001]]>
              </value>
            </param>
            <param index="5">
              <value>
                <![CDATA[9.489466321E9]]>
              </value>
            </param>
            <param index="6">
              <value>
                <![CDATA[absli@gmail.com]]>
              </value>
            </param>
            <param index="7">
              <value>
                <![CDATA[100]]>
              </value>
            </param>
            <param index="8">
              <value>
                <![CDATA[300000]]>
              </value>
            </param>
            <param index="9">
              <value>
                <![CDATA[132430]]>
              </value>
            </param>
            <param index="10">
              <value>
                <![CDATA[10]]>
              </value>
            </param>
            <param index="11">
              <value>
                <![CDATA[ABSLI Group Bima Yojana Version Three]]>
              </value>
            </param>
            <param index="12">
              <value>
                <![CDATA[1/02/2024]]>
              </value>
            </param>
            <param index="13">
              <value>
                <![CDATA[xyz]]>
              </value>
            </param>
            <param index="14">
              <value>
                <![CDATA[GBY Single Premium MF]]>
              </value>
            </param>
            <param index="15">
              <value>
                <![CDATA[30]]>
              </value>
            </param>
            <param index="16">
              <value>
                <![CDATA[South Zone]]>
              </value>
            </param>
            <param index="17">
              <value>
                <![CDATA[17]]>
              </value>
            </param>
            <param index="18">
              <value>
                <![CDATA[65]]>
              </value>
            </param>
            <param index="19">
              <value>
                <![CDATA[24]]>
              </value>
            </param>
            <param index="20">
              <value>
                <![CDATA[120]]>
              </value>
            </param>
            <param index="21">
              <value>
                <![CDATA[920]]>
              </value>
            </param>
            <param index="22">
              <value>
                <![CDATA[test]]>
              </value>
            </param>
            <param index="23">
              <value>
                <![CDATA[No]]>
              </value>
            </param>
            <param index="24">
              <value>
                <![CDATA[No]]>
              </value>
            </param>
            <param index="25">
              <value>
                <![CDATA[ABSLI Group BIMA Yojana Death Benefit V3]]>
              </value>
            </param>
            <param index="26">
              <value>
                <![CDATA[Customer Defined SA]]>
              </value>
            </param>
            <param index="27">
              <value>
                <![CDATA[200000]]>
              </value>
            </param>
            <param index="28">
              <value>
                <![CDATA[1000]]>
              </value>
            </param>
            <param index="29">
              <value>
                <![CDATA[200000]]>
              </value>
            </param>
          </params>
          <reporter-output>
          </reporter-output>
        </test-method> <!-- createMasterPolicyMakerWithGPSBaseBenefitAndVariantType -->
        <test-method is-config="true" signature="endUp()[pri:0, instance:com.absli.gby.master.policy.maker.page.testcases.MasterPolicyMakerWithBenefitAndCustomerDefinedSA@1040be71]" started-at="2024-06-24T15:42:41 IST" name="endUp" finished-at="2024-06-24T15:42:44 IST" duration-ms="2672" status="PASS">
          <reporter-output>
          </reporter-output>
        </test-method> <!-- endUp -->
      </class> <!-- com.absli.gby.master.policy.maker.page.testcases.MasterPolicyMakerWithBenefitAndCustomerDefinedSA -->
    </test> <!-- Default test -->
  </suite> <!-- Default suite -->
</testng-results>
